0 info it worked if it ends with ok
1 verbose cli [ 'C:\\Program Files\\nodejs\\node.exe',
1 verbose cli   'C:\\Program Files\\nodejs\\node_modules\\npm\\bin\\npm-cli.js',
1 verbose cli   'publish' ]
2 info using npm@3.10.10
3 info using node@v6.11.2
4 verbose publish [ '.' ]
5 silly cache add args [ '.', null ]
6 verbose cache add spec .
7 silly cache add parsed spec Result {
7 silly cache add   raw: '.',
7 silly cache add   scope: null,
7 silly cache add   escapedName: null,
7 silly cache add   name: null,
7 silly cache add   rawSpec: '.',
7 silly cache add   spec: 'C:\\Users\\caiyi\\Desktop\\TestWeb\\react-project',
7 silly cache add   type: 'directory' }
8 verbose addLocalDirectory C:\Users\caiyi\AppData\Roaming\npm-cache\react-project\1.0.0\package.tgz not in flight; packing
9 verbose correctMkdir C:\Users\caiyi\AppData\Roaming\npm-cache correctMkdir not in flight; initializing
10 info lifecycle react-project@1.0.0~prepublish: react-project@1.0.0
11 silly lifecycle react-project@1.0.0~prepublish: no script for prepublish, continuing
12 verbose tar pack [ 'C:\\Users\\caiyi\\AppData\\Roaming\\npm-cache\\react-project\\1.0.0\\package.tgz',
12 verbose tar pack   'C:\\Users\\caiyi\\Desktop\\TestWeb\\react-project' ]
13 verbose tarball C:\Users\caiyi\AppData\Roaming\npm-cache\react-project\1.0.0\package.tgz
14 verbose folder C:\Users\caiyi\Desktop\TestWeb\react-project
15 verbose addLocalTarball adding from inside cache C:\Users\caiyi\AppData\Roaming\npm-cache\react-project\1.0.0\package.tgz
16 verbose correctMkdir C:\Users\caiyi\AppData\Roaming\npm-cache correctMkdir not in flight; initializing
17 silly cache afterAdd react-project@1.0.0
18 verbose afterAdd C:\Users\caiyi\AppData\Roaming\npm-cache\react-project\1.0.0\package\package.json not in flight; writing
19 verbose correctMkdir C:\Users\caiyi\AppData\Roaming\npm-cache correctMkdir not in flight; initializing
20 verbose afterAdd C:\Users\caiyi\AppData\Roaming\npm-cache\react-project\1.0.0\package\package.json written
21 silly publish { name: 'react-project',
21 silly publish   version: '1.0.0',
21 silly publish   description: 'the project is a standard project that uses react,webpack and antd',
21 silly publish   main: 'index.js',
21 silly publish   dependencies:
21 silly publish    { antd: '^2.11.1',
21 silly publish      'babel-plugin-import': '1.0.1',
21 silly publish      'es6-promise': '^3.2.1',
21 silly publish      jquery: '^3.2.1',
21 silly publish      react: '^16.0.0',
21 silly publish      'react-dom': '^16.0.0' },
21 silly publish   devDependencies:
21 silly publish    { autoprefixer: '^7.1.2',
21 silly publish      'babel-core': '^6.26.0',
21 silly publish      'babel-loader': '5.3.2',
21 silly publish      'babel-polyfill': '^6.26.0',
21 silly publish      'babel-preset-es2015': '^6.24.1',
21 silly publish      'babel-preset-react': '^6.11.1',
21 silly publish      'clean-webpack-plugin': '^0.1.16',
21 silly publish      'core-js': '^2.5.1',
21 silly publish      'css-loader': '^0.28.4',
21 silly publish      eslint: '^4.2.0',
21 silly publish      'eslint-loader': '^1.9.0',
21 silly publish      'extract-text-webpack-plugin': '^1.0.1',
21 silly publish      'file-loader': '^1.1.5',
21 silly publish      'html-webpack-plugin': '^2.29.0',
21 silly publish      'html-withimg-loader': '^0.1.16',
21 silly publish      less: '^2.7.2',
21 silly publish      'less-loader': '^4.0.5',
21 silly publish      'open-browser-webpack-plugin': '^0.0.5',
21 silly publish      path: '^0.12.7',
21 silly publish      'postcss-loader': '^0.11.0',
21 silly publish      'style-loader': '^0.18.2',
21 silly publish      'url-loader': '^0.5.9',
21 silly publish      webpack: '1.13.2',
21 silly publish      'webpack-dev-server': '^1.15.0' },
21 silly publish   scripts:
21 silly publish    { start: 'webpack-dev-server --progress --colors --host 10.ipAddress --port 3456 --hot --open',
21 silly publish      dev: 'webpack-dev-server --hot --host 10.ipAddress --port 2223 --open',
21 silly publish      build: 'webpack --config ./webpack.production.config.js --progress --colors',
21 silly publish      test: 'echo "Error: no test specified" && exit 1' },
21 silly publish   author: { name: 'leslie' },
21 silly publish   license: 'ISC',
21 silly publish   gitHead: 'cb868e04b8afc3f2007ce30c149116bddf7d452a',
21 silly publish   readme: 'ERROR: No README data found!',
21 silly publish   _id: 'react-project@1.0.0',
21 silly publish   _shasum: '57307e2f8f7f1e8e3afb184b524e67e073c79524',
21 silly publish   _from: '.' }
22 verbose getPublishConfig undefined
23 silly mapToRegistry name react-project
24 silly mapToRegistry using default registry
25 silly mapToRegistry registry https://registry.npm.taobao.org/
26 silly mapToRegistry data Result {
26 silly mapToRegistry   raw: 'react-project',
26 silly mapToRegistry   scope: null,
26 silly mapToRegistry   escapedName: 'react-project',
26 silly mapToRegistry   name: 'react-project',
26 silly mapToRegistry   rawSpec: '',
26 silly mapToRegistry   spec: 'latest',
26 silly mapToRegistry   type: 'tag' }
27 silly mapToRegistry uri https://registry.npm.taobao.org/react-project
28 verbose publish registryBase https://registry.npm.taobao.org/
29 silly publish uploading C:\Users\caiyi\AppData\Roaming\npm-cache\react-project\1.0.0\package.tgz
30 verbose request uri https://registry.npm.taobao.org/react-project
31 verbose request sending authorization for write operation
32 info attempt registry request try #1 at 18:07:02
33 verbose request id 466372cb03e4d908
34 http request PUT https://registry.npm.taobao.org/react-project
35 http 403 https://registry.npm.taobao.org/react-project
36 verbose headers { date: 'Fri, 03 Nov 2017 10:07:01 GMT',
36 verbose headers   'content-type': 'application/json; charset=utf-8',
36 verbose headers   'content-length': '87',
36 verbose headers   connection: 'keep-alive',
36 verbose headers   'x-current-requests': '1',
36 verbose headers   'x-readtime': '7' }
37 verbose request invalidating C:\Users\caiyi\AppData\Roaming\npm-cache\registry.npm.taobao.org\react-project on PUT
38 error publish Failed PUT 403
39 verbose stack Error: no_perms Private mode enable, only admin can publish this module: react-project
39 verbose stack     at makeError (C:\Program Files\nodejs\node_modules\npm\node_modules\npm-registry-client\lib\request.js:302:12)
39 verbose stack     at CachingRegistryClient.<anonymous> (C:\Program Files\nodejs\node_modules\npm\node_modules\npm-registry-client\lib\request.js:290:14)
39 verbose stack     at Request._callback (C:\Program Files\nodejs\node_modules\npm\node_modules\npm-registry-client\lib\request.js:210:14)
39 verbose stack     at Request.self.callback (C:\Program Files\nodejs\node_modules\npm\node_modules\request\request.js:187:22)
39 verbose stack     at emitTwo (events.js:106:13)
39 verbose stack     at Request.emit (events.js:191:7)
39 verbose stack     at Request.<anonymous> (C:\Program Files\nodejs\node_modules\npm\node_modules\request\request.js:1048:10)
39 verbose stack     at emitOne (events.js:96:13)
39 verbose stack     at Request.emit (events.js:188:7)
39 verbose stack     at IncomingMessage.<anonymous> (C:\Program Files\nodejs\node_modules\npm\node_modules\request\request.js:969:12)
40 verbose statusCode 403
41 verbose pkgid react-project
42 verbose cwd C:\Users\caiyi\Desktop\TestWeb\react-project
43 error Windows_NT 10.0.15063
44 error argv "C:\\Program Files\\nodejs\\node.exe" "C:\\Program Files\\nodejs\\node_modules\\npm\\bin\\npm-cli.js" "publish"
45 error node v6.11.2
46 error npm  v3.10.10
47 error code E403
48 error no_perms Private mode enable, only admin can publish this module: react-project
49 error If you need help, you may report this error at:
49 error     <https://github.com/npm/npm/issues>
50 verbose exit [ 1, true ]
