Arguments: 
  C:\Program Files\nodejs\node.exe C:\Program Files (x86)\Yarn\bin\yarn.js publish

PATH: 
  C:\Users\caiyi\bin;C:\Program Files\Git\mingw64\bin;C:\Program Files\Git\usr\local\bin;C:\Program Files\Git\usr\bin;C:\Program Files\Git\usr\bin;C:\Program Files\Git\mingw64\bin;C:\Program Files\Git\usr\bin;C:\Users\caiyi\bin;C:\ProgramData\Oracle\Java\javapath;C:\Program Files (x86)\Intel\iCLS Client;C:\Program Files\Intel\iCLS Client;C:\Windows\system32;C:\Windows;C:\Windows\System32\Wbem;C:\Windows\System32\WindowsPowerShell\v1.0;C:\Program Files (x86)\Intel\Intel(R) Management Engine Components\DAL;C:\Program Files\Intel\Intel(R) Management Engine Components\DAL;C:\Program Files (x86)\Intel\Intel(R) Management Engine Components\IPT;C:\Program Files\Intel\Intel(R) Management Engine Components\IPT;C:\Program Files (x86)\NVIDIA Corporation\PhysX\Common;C:\Program Files\nodejs;C:\Program Files (x86)\Yarn\bin;C:\Program Files\Git\cmd;C:\Program Files (x86)\GitExtensions;C:\Program Files\OpenVPN\bin;C:\Users\caiyi\AppData\Local\Android\sdk\tools;C:\Users\caiyi\AppData\Local\Android\sdk\platform-tools;C:\Program Files (x86)\Java\jdk1.8.0_144\bin;C:\Program Files (x86)\Java\jdk1.8.0_144\jre\bin;C:\Users\caiyi\AppData\Local\Microsoft\WindowsApps;C:\Users\caiyi\AppData\Roaming\npm;C:\Users\caiyi\AppData\Local\Yarn\bin;C:\Users\caiyi\AppData\Local\Programs\Fiddler;C:\Program Files\Git\usr\bin\vendor_perl;C:\Program Files\Git\usr\bin\core_perl

Yarn version: 
  0.27.5

Node version: 
  6.11.2

Platform: 
  win32 x64

npm manifest: 
  {
    "name": "react-project",
    "version": "1.0.0",
    "description": "the project is a standard project that uses react,webpack and antd",
    "main": "index.js",
    "dependencies": {
      "antd": "^2.11.1",
      "babel-plugin-import": "1.0.1",
      "es6-promise": "^3.2.1",
      "jquery": "^3.2.1",
      "react": "^16.0.0",
      "react-dom": "^16.0.0"
    },
    "devDependencies": {
      "autoprefixer": "^7.1.2",
      "babel-core": "^6.26.0",
      "babel-loader": "5.3.2",
      "babel-polyfill": "^6.26.0",
      "babel-preset-es2015": "^6.24.1",
      "babel-preset-react": "^6.11.1",
      "clean-webpack-plugin": "^0.1.16",
      "core-js": "^2.5.1",
      "css-loader": "^0.28.4",
      "eslint": "^4.2.0",
      "eslint-loader": "^1.9.0",
      "extract-text-webpack-plugin": "^1.0.1",
      "file-loader": "^1.1.5",
      "html-webpack-plugin": "^2.29.0",
      "html-withimg-loader": "^0.1.16",
      "less": "^2.7.2",
      "less-loader": "^4.0.5",
      "open-browser-webpack-plugin": "^0.0.5",
      "path": "^0.12.7",
      "postcss-loader": "^0.11.0",
      "style-loader": "^0.18.2",
      "url-loader": "^0.5.9",
      "webpack": "1.13.2",
      "webpack-dev-server": "^1.15.0"
    },
    "scripts": {
    	"start": "webpack-dev-server --progress --colors --host 10.ipAddress --port 3456 --hot --open",
      "dev": "webpack-dev-server --hot --host 10.ipAddress --port 2223 --open",
      "build": "webpack --config ./webpack.production.config.js --progress --colors",
      "test": "echo \"Error: no test specified\" && exit 1"
    },
    "author": "leslie",
    "license": "ISC"
  }

yarn manifest: 
  No manifest

Lockfile: 
  # THIS IS AN AUTOGENERATED FILE. DO NOT EDIT THIS FILE DIRECTLY.
  # yarn lockfile v1

Trace: 
  Error: Can't answer a question unless a user TTY
      at ConsoleReporter.question (C:\Program Files (x86)\Yarn\lib\yarn-cli.js:81327:59)
      at C:\Program Files (x86)\Yarn\lib\yarn-cli.js:55973:35
      at next (native)
      at step (C:\Program Files (x86)\Yarn\lib\yarn-cli.js:91:30)
      at C:\Program Files (x86)\Yarn\lib\yarn-cli.js:102:13
